<?xml version="1.0" encoding="UTF-8"?>
<testng-results skipped="0" failed="0" total="1" passed="1">
  <reporter-output>
  </reporter-output>
  <suite name="Default suite" duration-ms="81824" started-at="2022-04-15T09:53:24Z" finished-at="2022-04-15T09:54:46Z">
    <groups>
    </groups>
    <test name="Default test" duration-ms="81824" started-at="2022-04-15T09:53:24Z" finished-at="2022-04-15T09:54:46Z">
      <class name="funtionality.DataDrivenInvalidLogin">
        <test-method status="PASS" signature="f()[pri:0, instance:funtionality.DataDrivenInvalidLogin@59ec2012]" name="f" duration-ms="81801" started-at="2022-04-15T15:23:24Z" finished-at="2022-04-15T15:24:46Z">
          <reporter-output>
          </reporter-output>
        </test-method> <!-- f -->
      </class> <!-- funtionality.DataDrivenInvalidLogin -->
    </test> <!-- Default test -->
  </suite> <!-- Default suite -->
</testng-results>
